<?xml version="1.0" encoding="UTF-8"?>
<testsuite name="com.hippo.ehviewer.util.TextUtilTest" tests="6" skipped="0" failures="0" errors="0" timestamp="2026-06-28T17:15:46.466Z" hostname="MacBookAir.PegionFishSuzhouNetwork" time="0.004">
  <properties/>
  <testcase name="testJoin" classname="com.hippo.ehviewer.util.TextUtilTest" time="0.001"/>
  <testcase name="testTrim" classname="com.hippo.ehviewer.util.TextUtilTest" time="0.0"/>
  <testcase name="testEquals" classname="com.hippo.ehviewer.util.TextUtilTest" time="0.0"/>
  <testcase name="testIndexOf" classname="com.hippo.ehviewer.util.TextUtilTest" time="0.001"/>
  <testcase name="testIsBlank" classname="com.hippo.ehviewer.util.TextUtilTest" time="0.0"/>
  <testcase name="testIsEmpty" classname="com.hippo.ehviewer.util.TextUtilTest" time="0.0"/>
  <system-out><![CDATA[]]></system-out>
  <system-err><![CDATA[]]></system-err>
</testsuite>
